2025-03-03 18:05:27.164 +0900 [debug] ([34mconfigs.js[0m) [31mloaded default configs as "{"updates":{"manifest_url":"https://cdn.freshdev.io/assets/fdk/updates.json","period":24},"log":{"level":"info"},"javascript":{"ecma_version":2020},"request":{"timeout":15000},"global_apps":{"enabled":false},"easel":{"enabled":false}}"[0m
2025-03-03 18:05:27.166 +0900 [debug] ([34mconfigs.js[0m) [31mloaded global configs as "{"request":{"timeout":15000}}"[0m
2025-03-03 18:05:27.166 +0900 [debug] ([34mconfigs.js[0m) [31mloaded local configs as "{"request":{"timeout":15000}}"[0m
2025-03-03 18:05:27.166 +0900 [debug] ([34mconfigs.js[0m) [31mloaded env configs as "{"updates":{},"log":{},"javascript":{},"request":{"timeout":15000}}"[0m
2025-03-03 18:05:27.166 +0900 [debug] ([34mconfigs.js[0m) [31mloaded resolved configs as "{"updates":{"manifest_url":"https://cdn.freshdev.io/assets/fdk/updates.json","period":24},"log":{"level":"info"},"javascript":{"ecma_version":2020},"request":{"timeout":15000},"global_apps":{"enabled":false},"easel":{"enabled":false}}"[0m
2025-03-03 18:05:27.166 +0900 [debug] ([34mlogger.js[0m) [31mStarting FDK in node v18.18.2 on darwin[0m
2025-03-03 18:05:27.166 +0900 [debug] ([34msequelize.js[0m) [31msetting up sqilite at "/Users/alan/Documents/Git Hub/fullpageapp/.fdk/store.sqlite"[0m
2025-03-03 18:05:27.166 +0900 [debug] ([34mdata.js[0m) [31mRead {"version_details":{"cli":{"deprecated":{"version":"<9","message":"This FDK version has been deprecated. There will be no further feature updates to this version. For a seamless app-building experience, ensure to move to the latest FDK version. For more information, see https://developers.freshworks.com/docs/app-sdk/v2.3/freshdesk/migration-guide/#migrate-to-the-latest-platform-version."},"forced":{"version":"7.0.0","command":"npm install https://dl.freshdev.io/cli/fdk-7.0.0.tgz -g","message":"Your FDK version has been forced updated to v7.0.0, please visit https://community.developers.freshworks.com/t/fdk-v7-0-announcing-node-js-v12-and-es6-support/3606 to know more"},"latest":{"version":"9.3.1","command":"npm install https://cdn.freshdev.io/fdk/latest.tgz -g","message":"You are on the latest FDK version. For information on the features available as part of this FDK version, see https://developers.freshworks.com/docs/?tab=modules."}},"addon":{"version":"2.0.8","url":"https://cdn.freshdev.io/assets/fdk/addons/addon.zip"}},"last_updated":{"time_stamp":1740963110736}}[0m
2025-03-03 18:05:27.166 +0900 [debug] ([34mupdater.js[0m) [31mlast check less than 24 hours ago, not looking for updates[0m
2025-03-03 18:05:27.168 +0900 [debug] ([34mindex.js[0m) [31mrunning with opts {}[0m
2025-03-03 18:05:27.180 +0900 [debug] ([34mdata.js[0m) [31mRead {"version_details":{"cli":{"deprecated":{"version":"<9","message":"This FDK version has been deprecated. There will be no further feature updates to this version. For a seamless app-building experience, ensure to move to the latest FDK version. For more information, see https://developers.freshworks.com/docs/app-sdk/v2.3/freshdesk/migration-guide/#migrate-to-the-latest-platform-version."},"forced":{"version":"7.0.0","command":"npm install https://dl.freshdev.io/cli/fdk-7.0.0.tgz -g","message":"Your FDK version has been forced updated to v7.0.0, please visit https://community.developers.freshworks.com/t/fdk-v7-0-announcing-node-js-v12-and-es6-support/3606 to know more"},"latest":{"version":"9.3.1","command":"npm install https://cdn.freshdev.io/fdk/latest.tgz -g","message":"You are on the latest FDK version. For information on the features available as part of this FDK version, see https://developers.freshworks.com/docs/?tab=modules."}},"addon":{"version":"2.0.8","url":"https://cdn.freshdev.io/assets/fdk/addons/addon.zip"}},"last_updated":{"time_stamp":1740963110736}}[0m
2025-03-03 18:05:27.182 +0900 [debug] ([34mmanifest.js[0m) [31mReloading manifest with {"modules":{"call":{"events":{"onCallUpdate":{"handler":"onCallUpdateHandler"},"onCallCreate":{"handler":"onCallCreateHandler"}}},"common":{"location":{"full_page_app":{"url":"index.html","icon":"styles/images/icon.svg"}},"events":{},"functions":{},"requests":{}}},"platform-version":"3.0","engines":{"node":"18.19.0","fdk":"9.1.0"},"app":{"tracking_id":"uicv69j2qf4v0jki008u","start_time":"2025-03-03T09:04:35.607Z"}}.[0m
2025-03-03 18:05:27.182 +0900 [debug] ([34mmanifest.js[0m) [31mInferred db,backend as features.[0m
2025-03-03 18:05:27.183 +0900 [debug] ([34mdata.js[0m) [31mRead {"version_details":{"cli":{"deprecated":{"version":"<9","message":"This FDK version has been deprecated. There will be no further feature updates to this version. For a seamless app-building experience, ensure to move to the latest FDK version. For more information, see https://developers.freshworks.com/docs/app-sdk/v2.3/freshdesk/migration-guide/#migrate-to-the-latest-platform-version."},"forced":{"version":"7.0.0","command":"npm install https://dl.freshdev.io/cli/fdk-7.0.0.tgz -g","message":"Your FDK version has been forced updated to v7.0.0, please visit https://community.developers.freshworks.com/t/fdk-v7-0-announcing-node-js-v12-and-es6-support/3606 to know more"},"latest":{"version":"9.3.1","command":"npm install https://cdn.freshdev.io/fdk/latest.tgz -g","message":"You are on the latest FDK version. For information on the features available as part of this FDK version, see https://developers.freshworks.com/docs/?tab=modules."}},"addon":{"version":"2.0.8","url":"https://cdn.freshdev.io/assets/fdk/addons/addon.zip"}},"last_updated":{"time_stamp":1740963110736}}[0m
2025-03-03 18:05:27.333 +0900 [debug] ([34mfile.js[0m) [31mError while requiring /Users/alan/Documents/Git Hub/fullpageapp/.report.json: Cannot find module '/Users/alan/Documents/Git Hub/fullpageapp/.report.json'
Require stack:
- /Users/alan/.nvm/versions/node/v18.18.2/lib/node_modules/fdk/lib/utils/file.js
- /Users/alan/.nvm/versions/node/v18.18.2/lib/node_modules/fdk/lib/configs.js
- /Users/alan/.nvm/versions/node/v18.18.2/lib/node_modules/fdk/lib/logger.js
- /Users/alan/.nvm/versions/node/v18.18.2/lib/node_modules/fdk/index.js[0m
2025-03-03 18:05:27.988 +0900 [debug] ([34mvalidate.js[0m) [31masked to skip the following validations, [0m
2025-03-03 18:05:27.988 +0900 [debug] ([34mvalidate.js[0m) [31mrunning validator actions[0m
2025-03-03 18:05:27.988 +0900 [debug] ([34mvalidate.js[0m) [31mrunning validator requests[0m
2025-03-03 18:05:27.988 +0900 [debug] ([34mvalidate.js[0m) [31mrunning validator app-dir[0m
2025-03-03 18:05:27.988 +0900 [debug] ([34mvalidate.js[0m) [31mrunning validator config-dir[0m
2025-03-03 18:05:27.988 +0900 [debug] ([34mconfig-dir.js[0m) [31mChecking to see if /Users/alan/Documents/Git Hub/fullpageapp/config/ exists.[0m
2025-03-03 18:05:27.989 +0900 [debug] ([34mconfig-dir.js[0m) [31mFetched the following config files iparams.json,requests.json[0m
2025-03-03 18:05:27.989 +0900 [debug] ([34mvalidate.js[0m) [31mrunning validator custom-objects[0m
2025-03-03 18:05:27.989 +0900 [debug] ([34mvalidate.js[0m) [31mrunning validator event[0m
2025-03-03 18:05:27.993 +0900 [debug] ([34mevent.js[0m) [31mFound ["checkCallModule","onCallUpdateHandler","onCallCreateHandler"] as exported functions.[0m
2025-03-03 18:05:27.993 +0900 [debug] ([34mvalidate.js[0m) [31mrunning validator iparam[0m
2025-03-03 18:05:27.994 +0900 [debug] ([34mvalidate.js[0m) [31mrunning validator lint[0m
2025-03-03 18:05:27.994 +0900 [debug] ([34mlint.js[0m) [31mpassed fix flag: undefined[0m
2025-03-03 18:05:27.995 +0900 [debug] ([34mlint.js[0m) [31mRunning the following lints on the file app/scripts/app.js : no-eval,no-alert,no-debugger,no-unreachable,no-duplicate-imports,constructor-super,for-direction,no-class-assign,no-new-native-nonconstructor,valid-typeof,no-eq-null,no-var,require-await,no-unreachable-loop,no-redeclare,no-self-assign,no-setter-return,no-shadow-restricted-names,no-this-before-super,no-unsafe-finally,no-unsafe-optional-chaining,no-unused-vars,no-useless-catch,eqeqeq,prefer-const,require-yield,no-global-assign,no-caller,no-process-env,complexity,max-nested-callbacks,handle-callback-err,getter-return,no-async-promise-executor,no-case-declarations,no-compare-neg-zero,no-cond-assign,no-const-assign,no-constant-condition,no-control-regex,no-delete-var,no-dupe-args,no-dupe-class-members,no-dupe-else-if,no-dupe-keys,no-duplicate-case,no-empty,no-empty-character-class,no-empty-pattern,no-ex-assign,no-extra-boolean-cast,no-extra-semi,no-fallthrough,no-func-assign,no-import-assign,no-inner-declarations,no-invalid-regexp,no-irregular-whitespace,no-loss-of-precision,no-misleading-character-class,no-mixed-spaces-and-tabs,no-nonoctal-decimal-escape,no-obj-calls,no-octal,no-prototype-builtins,no-regex-spaces,no-sparse-arrays,no-unexpected-multiline,no-unsafe-negation,no-unused-labels,no-useless-backreference,no-useless-escape,no-with,use-isnan,no-unpkg-cdn,no-proxy-requests,no-unhandled-promise,no-logging-rejections,no-non-client-request-model,no-deprecated-apis,no-cross-scope-assign,no-empty-function[0m
2025-03-03 18:05:28.036 +0900 [debug] ([34mlint.js[0m) [31mRunning the following lints on the file server/server.js : no-eval,no-alert,no-debugger,no-unreachable,no-duplicate-imports,constructor-super,for-direction,no-class-assign,no-new-native-nonconstructor,valid-typeof,no-eq-null,no-var,require-await,no-unreachable-loop,no-redeclare,no-self-assign,no-setter-return,no-shadow-restricted-names,no-this-before-super,no-unsafe-finally,no-unsafe-optional-chaining,no-unused-vars,no-useless-catch,eqeqeq,prefer-const,require-yield,no-global-assign,no-caller,no-process-env,complexity,max-nested-callbacks,handle-callback-err,getter-return,no-async-promise-executor,no-case-declarations,no-compare-neg-zero,no-cond-assign,no-const-assign,no-constant-condition,no-control-regex,no-delete-var,no-dupe-args,no-dupe-class-members,no-dupe-else-if,no-dupe-keys,no-duplicate-case,no-empty,no-empty-character-class,no-empty-pattern,no-ex-assign,no-extra-boolean-cast,no-extra-semi,no-fallthrough,no-func-assign,no-import-assign,no-inner-declarations,no-invalid-regexp,no-irregular-whitespace,no-loss-of-precision,no-misleading-character-class,no-mixed-spaces-and-tabs,no-nonoctal-decimal-escape,no-obj-calls,no-octal,no-prototype-builtins,no-regex-spaces,no-sparse-arrays,no-unexpected-multiline,no-unsafe-negation,no-unused-labels,no-useless-backreference,no-useless-escape,no-with,use-isnan,no-unpkg-cdn,no-proxy-requests,no-unhandled-promise,no-logging-rejections,no-non-client-request-model,no-deprecated-apis,no-dependency-mismatch,no-empty-function[0m
2025-03-03 18:05:28.044 +0900 [debug] ([34mvalidate.js[0m) [31mrunning validator manifest[0m
2025-03-03 18:05:28.044 +0900 [debug] ([34mvalidate.js[0m) [31mrunning validator manifest-dependency[0m
2025-03-03 18:05:28.045 +0900 [debug] ([34mvalidate.js[0m) [31mrunning validator oauth[0m
2025-03-03 18:05:28.045 +0900 [debug] ([34mvalidate.js[0m) [31mskipping validator pkgsize[0m
2025-03-03 18:05:28.045 +0900 [debug] ([34mvalidate.js[0m) [31mskipping validator schema[0m
2025-03-03 18:05:28.045 +0900 [debug] ([34mvalidate.js[0m) [31mrunning validator version-check[0m
2025-03-03 18:05:28.045 +0900 [info] Minor Node.js mistmatch. App was developed in 18.19.0 and is being run in v18.18.2.
2025-03-03 18:05:28.045 +0900 [info] Node.js version in manfiest is being updated to the current version.
2025-03-03 18:05:28.046 +0900 [debug] ([34mmanifest.js[0m) [31mReloading manifest with {"modules":{"call":{"events":{"onCallUpdate":{"handler":"onCallUpdateHandler"},"onCallCreate":{"handler":"onCallCreateHandler"}}},"common":{"location":{"full_page_app":{"url":"index.html","icon":"styles/images/icon.svg"}},"events":{},"functions":{},"requests":{}}},"platform-version":"3.0","engines":{"node":"18.18.2","fdk":"9.3.1"},"app":{"tracking_id":"uicv69j2qf4v0jki008u","start_time":"2025-03-03T09:04:35.607Z"}}.[0m
2025-03-03 18:05:28.046 +0900 [debug] ([34mmanifest.js[0m) [31mInferred db,backend as features.[0m
2025-03-03 18:05:28.046 +0900 [debug] ([34mvalidate.js[0m) [31mrunning validator app-settings[0m
2025-03-03 18:05:28.046 +0900 [error] Validation failed due to the following issue(s):
2025-03-03 18:05:28.046 +0900 [error] [31m✖[39m app/scripts/app.js::2: Unexpected var, use let or const instead.
2025-03-03 18:05:28.046 +0900 [error] [31m✖[39m app/scripts/app.js::11: Async function 'setupApp' has no 'await' expression.
2025-03-03 18:05:28.046 +0900 [error] [31m✖[39m server/server.js::4: 'request' is defined but never used.
2025-03-03 18:05:28.046 +0900 [error] [31m✖[39m server/server.js::7: get is no longer supported in Request API, please refer https://developers.freshdesk.com/v2/docs/migration-overview/#latest_platform_version_migration for more details
2025-03-03 18:05:28.046 +0900 [error] [31m✖[39m Global apps support is not enabled for the current app. Please run `fdk config set global_apps.enabled true` to enable support.
2025-03-03 18:05:28.046 +0900 [error] 
2025-03-03 18:05:28.046 +0900 [warn] Please ensure that the following are addressed for quick review process:
2025-03-03 18:05:28.046 +0900 [warn] [33m⚠[39m app/scripts/app.js::7: 'client' declared and assigned in different scopes. Possible asynchronous race condition.
2025-03-03 18:05:28.046 +0900 [warn] 
2025-03-03 18:05:28.046 +0900 [info] ================================================================
2025-03-03 18:05:28.046 +0900 [info] |                      Validation Summary                      |
2025-03-03 18:05:28.046 +0900 [info] ================================================================
2025-03-03 18:05:28.047 +0900 [info] | [1;31mTotal Errors   : 5[0m                                           |
2025-03-03 18:05:28.047 +0900 [info] | [1;33mTotal Warnings : 1[0m                                           |
2025-03-03 18:05:28.047 +0900 [info] ================================================================

2025-03-03 18:05:28.047 +0900 [info] [32m✔[39m Validation Successful
2025-03-03 18:05:28.049 +0900 [debug] ([34mreport.js[0m) [31mGenerating hash for report.json file[0m
2025-03-03 18:06:59.156 +0900 [debug] ([34mconfigs.js[0m) [31mloaded default configs as "{"updates":{"manifest_url":"https://cdn.freshdev.io/assets/fdk/updates.json","period":24},"log":{"level":"info"},"javascript":{"ecma_version":2020},"request":{"timeout":15000},"global_apps":{"enabled":false},"easel":{"enabled":false}}"[0m
2025-03-03 18:06:59.157 +0900 [debug] ([34mconfigs.js[0m) [31mloaded global configs as "{"request":{"timeout":15000}}"[0m
2025-03-03 18:06:59.157 +0900 [debug] ([34mconfigs.js[0m) [31mloaded local configs as "{"request":{"timeout":15000}}"[0m
2025-03-03 18:06:59.157 +0900 [debug] ([34mconfigs.js[0m) [31mloaded env configs as "{"updates":{},"log":{},"javascript":{},"request":{"timeout":15000}}"[0m
2025-03-03 18:06:59.157 +0900 [debug] ([34mconfigs.js[0m) [31mloaded resolved configs as "{"updates":{"manifest_url":"https://cdn.freshdev.io/assets/fdk/updates.json","period":24},"log":{"level":"info"},"javascript":{"ecma_version":2020},"request":{"timeout":15000},"global_apps":{"enabled":false},"easel":{"enabled":false}}"[0m
2025-03-03 18:06:59.157 +0900 [debug] ([34mlogger.js[0m) [31mStarting FDK in node v18.18.2 on darwin[0m
2025-03-03 18:06:59.157 +0900 [debug] ([34msequelize.js[0m) [31msetting up sqilite at "/Users/alan/Documents/Git Hub/fullpageapp/.fdk/store.sqlite"[0m
2025-03-03 18:06:59.157 +0900 [debug] ([34mdata.js[0m) [31mRead {"version_details":{"cli":{"deprecated":{"version":"<9","message":"This FDK version has been deprecated. There will be no further feature updates to this version. For a seamless app-building experience, ensure to move to the latest FDK version. For more information, see https://developers.freshworks.com/docs/app-sdk/v2.3/freshdesk/migration-guide/#migrate-to-the-latest-platform-version."},"forced":{"version":"7.0.0","command":"npm install https://dl.freshdev.io/cli/fdk-7.0.0.tgz -g","message":"Your FDK version has been forced updated to v7.0.0, please visit https://community.developers.freshworks.com/t/fdk-v7-0-announcing-node-js-v12-and-es6-support/3606 to know more"},"latest":{"version":"9.3.1","command":"npm install https://cdn.freshdev.io/fdk/latest.tgz -g","message":"You are on the latest FDK version. For information on the features available as part of this FDK version, see https://developers.freshworks.com/docs/?tab=modules."}},"addon":{"version":"2.0.8","url":"https://cdn.freshdev.io/assets/fdk/addons/addon.zip"}},"last_updated":{"time_stamp":1740963110736}}[0m
2025-03-03 18:06:59.157 +0900 [debug] ([34mupdater.js[0m) [31mlast check less than 24 hours ago, not looking for updates[0m
2025-03-03 18:06:59.159 +0900 [debug] ([34mindex.js[0m) [31mrunning with opts {}[0m
2025-03-03 18:06:59.169 +0900 [debug] ([34mdata.js[0m) [31mRead {"version_details":{"cli":{"deprecated":{"version":"<9","message":"This FDK version has been deprecated. There will be no further feature updates to this version. For a seamless app-building experience, ensure to move to the latest FDK version. For more information, see https://developers.freshworks.com/docs/app-sdk/v2.3/freshdesk/migration-guide/#migrate-to-the-latest-platform-version."},"forced":{"version":"7.0.0","command":"npm install https://dl.freshdev.io/cli/fdk-7.0.0.tgz -g","message":"Your FDK version has been forced updated to v7.0.0, please visit https://community.developers.freshworks.com/t/fdk-v7-0-announcing-node-js-v12-and-es6-support/3606 to know more"},"latest":{"version":"9.3.1","command":"npm install https://cdn.freshdev.io/fdk/latest.tgz -g","message":"You are on the latest FDK version. For information on the features available as part of this FDK version, see https://developers.freshworks.com/docs/?tab=modules."}},"addon":{"version":"2.0.8","url":"https://cdn.freshdev.io/assets/fdk/addons/addon.zip"}},"last_updated":{"time_stamp":1740963110736}}[0m
2025-03-03 18:06:59.170 +0900 [debug] ([34mmanifest.js[0m) [31mReloading manifest with {"modules":{"call":{"events":{"onCallUpdate":{"handler":"onCallUpdateHandler"},"onCallCreate":{"handler":"onCallCreateHandler"}}},"common":{"location":{"full_page_app":{"url":"index.html","icon":"styles/images/icon.svg"}},"events":{},"functions":{},"requests":{}}},"platform-version":"3.0","engines":{"node":"18.18.2","fdk":"9.3.1"},"app":{"tracking_id":"uicv69j2qf4v0jki008u","start_time":"2025-03-03T09:04:35.607Z"}}.[0m
2025-03-03 18:06:59.170 +0900 [debug] ([34mmanifest.js[0m) [31mInferred db,backend as features.[0m
2025-03-03 18:06:59.171 +0900 [debug] ([34mdata.js[0m) [31mRead {"version_details":{"cli":{"deprecated":{"version":"<9","message":"This FDK version has been deprecated. There will be no further feature updates to this version. For a seamless app-building experience, ensure to move to the latest FDK version. For more information, see https://developers.freshworks.com/docs/app-sdk/v2.3/freshdesk/migration-guide/#migrate-to-the-latest-platform-version."},"forced":{"version":"7.0.0","command":"npm install https://dl.freshdev.io/cli/fdk-7.0.0.tgz -g","message":"Your FDK version has been forced updated to v7.0.0, please visit https://community.developers.freshworks.com/t/fdk-v7-0-announcing-node-js-v12-and-es6-support/3606 to know more"},"latest":{"version":"9.3.1","command":"npm install https://cdn.freshdev.io/fdk/latest.tgz -g","message":"You are on the latest FDK version. For information on the features available as part of this FDK version, see https://developers.freshworks.com/docs/?tab=modules."}},"addon":{"version":"2.0.8","url":"https://cdn.freshdev.io/assets/fdk/addons/addon.zip"}},"last_updated":{"time_stamp":1740963110736}}[0m
2025-03-03 18:06:59.982 +0900 [debug] ([34mvalidate.js[0m) [31masked to skip the following validations, [0m
2025-03-03 18:06:59.982 +0900 [debug] ([34mvalidate.js[0m) [31mrunning validator actions[0m
2025-03-03 18:06:59.982 +0900 [debug] ([34mvalidate.js[0m) [31mrunning validator requests[0m
2025-03-03 18:06:59.982 +0900 [debug] ([34mvalidate.js[0m) [31mrunning validator app-dir[0m
2025-03-03 18:06:59.982 +0900 [debug] ([34mvalidate.js[0m) [31mrunning validator config-dir[0m
2025-03-03 18:06:59.982 +0900 [debug] ([34mconfig-dir.js[0m) [31mChecking to see if /Users/alan/Documents/Git Hub/fullpageapp/config/ exists.[0m
2025-03-03 18:06:59.982 +0900 [debug] ([34mconfig-dir.js[0m) [31mFetched the following config files iparams.json,requests.json[0m
2025-03-03 18:06:59.982 +0900 [debug] ([34mvalidate.js[0m) [31mrunning validator custom-objects[0m
2025-03-03 18:06:59.982 +0900 [debug] ([34mvalidate.js[0m) [31mrunning validator event[0m
2025-03-03 18:06:59.987 +0900 [debug] ([34mevent.js[0m) [31mFound ["checkCallModule","onCallUpdateHandler","onCallCreateHandler"] as exported functions.[0m
2025-03-03 18:06:59.987 +0900 [debug] ([34mvalidate.js[0m) [31mrunning validator iparam[0m
2025-03-03 18:06:59.988 +0900 [debug] ([34mvalidate.js[0m) [31mrunning validator lint[0m
2025-03-03 18:06:59.988 +0900 [debug] ([34mlint.js[0m) [31mpassed fix flag: undefined[0m
2025-03-03 18:06:59.989 +0900 [debug] ([34mlint.js[0m) [31mRunning the following lints on the file app/scripts/app.js : no-eval,no-alert,no-debugger,no-unreachable,no-duplicate-imports,constructor-super,for-direction,no-class-assign,no-new-native-nonconstructor,valid-typeof,no-eq-null,no-var,require-await,no-unreachable-loop,no-redeclare,no-self-assign,no-setter-return,no-shadow-restricted-names,no-this-before-super,no-unsafe-finally,no-unsafe-optional-chaining,no-unused-vars,no-useless-catch,eqeqeq,prefer-const,require-yield,no-global-assign,no-caller,no-process-env,complexity,max-nested-callbacks,handle-callback-err,getter-return,no-async-promise-executor,no-case-declarations,no-compare-neg-zero,no-cond-assign,no-const-assign,no-constant-condition,no-control-regex,no-delete-var,no-dupe-args,no-dupe-class-members,no-dupe-else-if,no-dupe-keys,no-duplicate-case,no-empty,no-empty-character-class,no-empty-pattern,no-ex-assign,no-extra-boolean-cast,no-extra-semi,no-fallthrough,no-func-assign,no-import-assign,no-inner-declarations,no-invalid-regexp,no-irregular-whitespace,no-loss-of-precision,no-misleading-character-class,no-mixed-spaces-and-tabs,no-nonoctal-decimal-escape,no-obj-calls,no-octal,no-prototype-builtins,no-regex-spaces,no-sparse-arrays,no-unexpected-multiline,no-unsafe-negation,no-unused-labels,no-useless-backreference,no-useless-escape,no-with,use-isnan,no-unpkg-cdn,no-proxy-requests,no-unhandled-promise,no-logging-rejections,no-non-client-request-model,no-deprecated-apis,no-cross-scope-assign,no-empty-function[0m
2025-03-03 18:07:00.030 +0900 [debug] ([34mlint.js[0m) [31mRunning the following lints on the file server/server.js : no-eval,no-alert,no-debugger,no-unreachable,no-duplicate-imports,constructor-super,for-direction,no-class-assign,no-new-native-nonconstructor,valid-typeof,no-eq-null,no-var,require-await,no-unreachable-loop,no-redeclare,no-self-assign,no-setter-return,no-shadow-restricted-names,no-this-before-super,no-unsafe-finally,no-unsafe-optional-chaining,no-unused-vars,no-useless-catch,eqeqeq,prefer-const,require-yield,no-global-assign,no-caller,no-process-env,complexity,max-nested-callbacks,handle-callback-err,getter-return,no-async-promise-executor,no-case-declarations,no-compare-neg-zero,no-cond-assign,no-const-assign,no-constant-condition,no-control-regex,no-delete-var,no-dupe-args,no-dupe-class-members,no-dupe-else-if,no-dupe-keys,no-duplicate-case,no-empty,no-empty-character-class,no-empty-pattern,no-ex-assign,no-extra-boolean-cast,no-extra-semi,no-fallthrough,no-func-assign,no-import-assign,no-inner-declarations,no-invalid-regexp,no-irregular-whitespace,no-loss-of-precision,no-misleading-character-class,no-mixed-spaces-and-tabs,no-nonoctal-decimal-escape,no-obj-calls,no-octal,no-prototype-builtins,no-regex-spaces,no-sparse-arrays,no-unexpected-multiline,no-unsafe-negation,no-unused-labels,no-useless-backreference,no-useless-escape,no-with,use-isnan,no-unpkg-cdn,no-proxy-requests,no-unhandled-promise,no-logging-rejections,no-non-client-request-model,no-deprecated-apis,no-dependency-mismatch,no-empty-function[0m
2025-03-03 18:07:00.038 +0900 [debug] ([34mvalidate.js[0m) [31mrunning validator manifest[0m
2025-03-03 18:07:00.038 +0900 [debug] ([34mvalidate.js[0m) [31mrunning validator manifest-dependency[0m
2025-03-03 18:07:00.038 +0900 [debug] ([34mvalidate.js[0m) [31mrunning validator oauth[0m
2025-03-03 18:07:00.038 +0900 [debug] ([34mvalidate.js[0m) [31mskipping validator pkgsize[0m
2025-03-03 18:07:00.038 +0900 [debug] ([34mvalidate.js[0m) [31mskipping validator schema[0m
2025-03-03 18:07:00.038 +0900 [debug] ([34mvalidate.js[0m) [31mrunning validator version-check[0m
2025-03-03 18:07:00.039 +0900 [debug] ([34mvalidate.js[0m) [31mrunning validator app-settings[0m
2025-03-03 18:07:00.039 +0900 [error] Validation failed due to the following issue(s):
2025-03-03 18:07:00.039 +0900 [error] [31m✖[39m Global apps support is not enabled for the current app. Please run `fdk config set global_apps.enabled true` to enable support.
2025-03-03 18:07:00.039 +0900 [error] 
2025-03-03 18:07:00.039 +0900 [warn] Please ensure that the following are addressed for quick review process:
2025-03-03 18:07:00.039 +0900 [warn] [33m⚠[39m app/scripts/app.js::7: 'client' declared and assigned in different scopes. Possible asynchronous race condition.
2025-03-03 18:07:00.039 +0900 [warn] 
2025-03-03 18:07:00.039 +0900 [info] ================================================================
2025-03-03 18:07:00.039 +0900 [info] |                      Validation Summary                      |
2025-03-03 18:07:00.040 +0900 [info] ================================================================
2025-03-03 18:07:00.040 +0900 [info] | [1;31mTotal Errors   : 1[0m                                           |
2025-03-03 18:07:00.040 +0900 [info] | [1;33mTotal Warnings : 1[0m                                           |
2025-03-03 18:07:00.040 +0900 [info] ================================================================

2025-03-03 18:07:00.040 +0900 [info] [32m✔[39m Validation Successful
2025-03-03 18:07:00.042 +0900 [debug] ([34mreport.js[0m) [31mGenerating hash for report.json file[0m
2025-03-03 18:07:13.191 +0900 [debug] ([34mconfigs.js[0m) [31mloaded default configs as "{"updates":{"manifest_url":"https://cdn.freshdev.io/assets/fdk/updates.json","period":24},"log":{"level":"info"},"javascript":{"ecma_version":2020},"request":{"timeout":15000},"global_apps":{"enabled":false},"easel":{"enabled":false}}"[0m
2025-03-03 18:07:13.192 +0900 [debug] ([34mconfigs.js[0m) [31mloaded global configs as "{"request":{"timeout":15000}}"[0m
2025-03-03 18:07:13.193 +0900 [debug] ([34mconfigs.js[0m) [31mloaded local configs as "{"request":{"timeout":15000}}"[0m
2025-03-03 18:07:13.193 +0900 [debug] ([34mconfigs.js[0m) [31mloaded env configs as "{"updates":{},"log":{},"javascript":{},"request":{"timeout":15000}}"[0m
2025-03-03 18:07:13.193 +0900 [debug] ([34mconfigs.js[0m) [31mloaded resolved configs as "{"updates":{"manifest_url":"https://cdn.freshdev.io/assets/fdk/updates.json","period":24},"log":{"level":"info"},"javascript":{"ecma_version":2020},"request":{"timeout":15000},"global_apps":{"enabled":false},"easel":{"enabled":false}}"[0m
2025-03-03 18:07:13.193 +0900 [debug] ([34mlogger.js[0m) [31mStarting FDK in node v18.18.2 on darwin[0m
2025-03-03 18:07:13.193 +0900 [debug] ([34msequelize.js[0m) [31msetting up sqilite at "/Users/alan/Documents/Git Hub/fullpageapp/.fdk/store.sqlite"[0m
2025-03-03 18:07:13.193 +0900 [debug] ([34mdata.js[0m) [31mRead {"version_details":{"cli":{"deprecated":{"version":"<9","message":"This FDK version has been deprecated. There will be no further feature updates to this version. For a seamless app-building experience, ensure to move to the latest FDK version. For more information, see https://developers.freshworks.com/docs/app-sdk/v2.3/freshdesk/migration-guide/#migrate-to-the-latest-platform-version."},"forced":{"version":"7.0.0","command":"npm install https://dl.freshdev.io/cli/fdk-7.0.0.tgz -g","message":"Your FDK version has been forced updated to v7.0.0, please visit https://community.developers.freshworks.com/t/fdk-v7-0-announcing-node-js-v12-and-es6-support/3606 to know more"},"latest":{"version":"9.3.1","command":"npm install https://cdn.freshdev.io/fdk/latest.tgz -g","message":"You are on the latest FDK version. For information on the features available as part of this FDK version, see https://developers.freshworks.com/docs/?tab=modules."}},"addon":{"version":"2.0.8","url":"https://cdn.freshdev.io/assets/fdk/addons/addon.zip"}},"last_updated":{"time_stamp":1740963110736}}[0m
2025-03-03 18:07:13.193 +0900 [debug] ([34mupdater.js[0m) [31mlast check less than 24 hours ago, not looking for updates[0m
2025-03-03 18:07:13.195 +0900 [debug] ([34mindex.js[0m) [31mrunning with opts {}[0m
2025-03-03 18:07:13.196 +0900 [debug] ([34mconfig.js[0m) [31m'config set' called with global_apps.enabled, true, {"scope":"local"}[0m
2025-03-03 18:07:13.196 +0900 [info] Config global_apps.enabled was set to value "true" successfully
2025-03-03 18:07:16.276 +0900 [debug] ([34mconfigs.js[0m) [31mloaded default configs as "{"updates":{"manifest_url":"https://cdn.freshdev.io/assets/fdk/updates.json","period":24},"log":{"level":"info"},"javascript":{"ecma_version":2020},"request":{"timeout":15000},"global_apps":{"enabled":false},"easel":{"enabled":false}}"[0m
2025-03-03 18:07:16.279 +0900 [debug] ([34mconfigs.js[0m) [31mloaded global configs as "{"request":{"timeout":15000}}"[0m
2025-03-03 18:07:16.279 +0900 [debug] ([34mconfigs.js[0m) [31mloaded local configs as "{"request":{"timeout":15000},"global_apps":{"enabled":"true"}}"[0m
2025-03-03 18:07:16.279 +0900 [debug] ([34mconfigs.js[0m) [31mloaded env configs as "{"updates":{},"log":{},"javascript":{},"request":{"timeout":15000}}"[0m
2025-03-03 18:07:16.279 +0900 [debug] ([34mconfigs.js[0m) [31mloaded resolved configs as "{"updates":{"manifest_url":"https://cdn.freshdev.io/assets/fdk/updates.json","period":24},"log":{"level":"info"},"javascript":{"ecma_version":2020},"request":{"timeout":15000},"global_apps":{"enabled":"true"},"easel":{"enabled":false}}"[0m
2025-03-03 18:07:16.279 +0900 [debug] ([34mlogger.js[0m) [31mStarting FDK in node v18.18.2 on darwin[0m
2025-03-03 18:07:16.279 +0900 [debug] ([34msequelize.js[0m) [31msetting up sqilite at "/Users/alan/Documents/Git Hub/fullpageapp/.fdk/store.sqlite"[0m
2025-03-03 18:07:16.279 +0900 [debug] ([34mdata.js[0m) [31mRead {"version_details":{"cli":{"deprecated":{"version":"<9","message":"This FDK version has been deprecated. There will be no further feature updates to this version. For a seamless app-building experience, ensure to move to the latest FDK version. For more information, see https://developers.freshworks.com/docs/app-sdk/v2.3/freshdesk/migration-guide/#migrate-to-the-latest-platform-version."},"forced":{"version":"7.0.0","command":"npm install https://dl.freshdev.io/cli/fdk-7.0.0.tgz -g","message":"Your FDK version has been forced updated to v7.0.0, please visit https://community.developers.freshworks.com/t/fdk-v7-0-announcing-node-js-v12-and-es6-support/3606 to know more"},"latest":{"version":"9.3.1","command":"npm install https://cdn.freshdev.io/fdk/latest.tgz -g","message":"You are on the latest FDK version. For information on the features available as part of this FDK version, see https://developers.freshworks.com/docs/?tab=modules."}},"addon":{"version":"2.0.8","url":"https://cdn.freshdev.io/assets/fdk/addons/addon.zip"}},"last_updated":{"time_stamp":1740963110736}}[0m
2025-03-03 18:07:16.280 +0900 [debug] ([34mupdater.js[0m) [31mlast check less than 24 hours ago, not looking for updates[0m
2025-03-03 18:07:16.281 +0900 [debug] ([34mindex.js[0m) [31mrunning with opts {}[0m
2025-03-03 18:07:16.291 +0900 [debug] ([34mdata.js[0m) [31mRead {"version_details":{"cli":{"deprecated":{"version":"<9","message":"This FDK version has been deprecated. There will be no further feature updates to this version. For a seamless app-building experience, ensure to move to the latest FDK version. For more information, see https://developers.freshworks.com/docs/app-sdk/v2.3/freshdesk/migration-guide/#migrate-to-the-latest-platform-version."},"forced":{"version":"7.0.0","command":"npm install https://dl.freshdev.io/cli/fdk-7.0.0.tgz -g","message":"Your FDK version has been forced updated to v7.0.0, please visit https://community.developers.freshworks.com/t/fdk-v7-0-announcing-node-js-v12-and-es6-support/3606 to know more"},"latest":{"version":"9.3.1","command":"npm install https://cdn.freshdev.io/fdk/latest.tgz -g","message":"You are on the latest FDK version. For information on the features available as part of this FDK version, see https://developers.freshworks.com/docs/?tab=modules."}},"addon":{"version":"2.0.8","url":"https://cdn.freshdev.io/assets/fdk/addons/addon.zip"}},"last_updated":{"time_stamp":1740963110736}}[0m
2025-03-03 18:07:16.292 +0900 [debug] ([34mmanifest.js[0m) [31mReloading manifest with {"modules":{"call":{"events":{"onCallUpdate":{"handler":"onCallUpdateHandler"},"onCallCreate":{"handler":"onCallCreateHandler"}}},"common":{"location":{"full_page_app":{"url":"index.html","icon":"styles/images/icon.svg"}},"events":{},"functions":{},"requests":{}}},"platform-version":"3.0","engines":{"node":"18.18.2","fdk":"9.3.1"},"app":{"tracking_id":"uicv69j2qf4v0jki008u","start_time":"2025-03-03T09:04:35.607Z"}}.[0m
2025-03-03 18:07:16.292 +0900 [debug] ([34mmanifest.js[0m) [31mInferred db,backend as features.[0m
2025-03-03 18:07:16.292 +0900 [debug] ([34mdata.js[0m) [31mRead {"version_details":{"cli":{"deprecated":{"version":"<9","message":"This FDK version has been deprecated. There will be no further feature updates to this version. For a seamless app-building experience, ensure to move to the latest FDK version. For more information, see https://developers.freshworks.com/docs/app-sdk/v2.3/freshdesk/migration-guide/#migrate-to-the-latest-platform-version."},"forced":{"version":"7.0.0","command":"npm install https://dl.freshdev.io/cli/fdk-7.0.0.tgz -g","message":"Your FDK version has been forced updated to v7.0.0, please visit https://community.developers.freshworks.com/t/fdk-v7-0-announcing-node-js-v12-and-es6-support/3606 to know more"},"latest":{"version":"9.3.1","command":"npm install https://cdn.freshdev.io/fdk/latest.tgz -g","message":"You are on the latest FDK version. For information on the features available as part of this FDK version, see https://developers.freshworks.com/docs/?tab=modules."}},"addon":{"version":"2.0.8","url":"https://cdn.freshdev.io/assets/fdk/addons/addon.zip"}},"last_updated":{"time_stamp":1740963110736}}[0m
2025-03-03 18:07:17.034 +0900 [debug] ([34mvalidate.js[0m) [31masked to skip the following validations, [0m
2025-03-03 18:07:17.034 +0900 [debug] ([34mvalidate.js[0m) [31mrunning validator actions[0m
2025-03-03 18:07:17.034 +0900 [debug] ([34mvalidate.js[0m) [31mrunning validator requests[0m
2025-03-03 18:07:17.034 +0900 [debug] ([34mvalidate.js[0m) [31mrunning validator app-dir[0m
2025-03-03 18:07:17.034 +0900 [debug] ([34mvalidate.js[0m) [31mrunning validator config-dir[0m
2025-03-03 18:07:17.034 +0900 [debug] ([34mconfig-dir.js[0m) [31mChecking to see if /Users/alan/Documents/Git Hub/fullpageapp/config/ exists.[0m
2025-03-03 18:07:17.035 +0900 [debug] ([34mconfig-dir.js[0m) [31mFetched the following config files iparams.json,requests.json[0m
2025-03-03 18:07:17.035 +0900 [debug] ([34mvalidate.js[0m) [31mrunning validator custom-objects[0m
2025-03-03 18:07:17.035 +0900 [debug] ([34mvalidate.js[0m) [31mrunning validator event[0m
2025-03-03 18:07:17.039 +0900 [debug] ([34mevent.js[0m) [31mFound ["checkCallModule","onCallUpdateHandler","onCallCreateHandler"] as exported functions.[0m
2025-03-03 18:07:17.039 +0900 [debug] ([34mvalidate.js[0m) [31mrunning validator iparam[0m
2025-03-03 18:07:17.040 +0900 [debug] ([34mvalidate.js[0m) [31mrunning validator lint[0m
2025-03-03 18:07:17.040 +0900 [debug] ([34mlint.js[0m) [31mpassed fix flag: undefined[0m
2025-03-03 18:07:17.041 +0900 [debug] ([34mlint.js[0m) [31mRunning the following lints on the file app/scripts/app.js : no-eval,no-alert,no-debugger,no-unreachable,no-duplicate-imports,constructor-super,for-direction,no-class-assign,no-new-native-nonconstructor,valid-typeof,no-eq-null,no-var,require-await,no-unreachable-loop,no-redeclare,no-self-assign,no-setter-return,no-shadow-restricted-names,no-this-before-super,no-unsafe-finally,no-unsafe-optional-chaining,no-unused-vars,no-useless-catch,eqeqeq,prefer-const,require-yield,no-global-assign,no-caller,no-process-env,complexity,max-nested-callbacks,handle-callback-err,getter-return,no-async-promise-executor,no-case-declarations,no-compare-neg-zero,no-cond-assign,no-const-assign,no-constant-condition,no-control-regex,no-delete-var,no-dupe-args,no-dupe-class-members,no-dupe-else-if,no-dupe-keys,no-duplicate-case,no-empty,no-empty-character-class,no-empty-pattern,no-ex-assign,no-extra-boolean-cast,no-extra-semi,no-fallthrough,no-func-assign,no-import-assign,no-inner-declarations,no-invalid-regexp,no-irregular-whitespace,no-loss-of-precision,no-misleading-character-class,no-mixed-spaces-and-tabs,no-nonoctal-decimal-escape,no-obj-calls,no-octal,no-prototype-builtins,no-regex-spaces,no-sparse-arrays,no-unexpected-multiline,no-unsafe-negation,no-unused-labels,no-useless-backreference,no-useless-escape,no-with,use-isnan,no-unpkg-cdn,no-proxy-requests,no-unhandled-promise,no-logging-rejections,no-non-client-request-model,no-deprecated-apis,no-cross-scope-assign,no-empty-function[0m
2025-03-03 18:07:17.080 +0900 [debug] ([34mlint.js[0m) [31mRunning the following lints on the file server/server.js : no-eval,no-alert,no-debugger,no-unreachable,no-duplicate-imports,constructor-super,for-direction,no-class-assign,no-new-native-nonconstructor,valid-typeof,no-eq-null,no-var,require-await,no-unreachable-loop,no-redeclare,no-self-assign,no-setter-return,no-shadow-restricted-names,no-this-before-super,no-unsafe-finally,no-unsafe-optional-chaining,no-unused-vars,no-useless-catch,eqeqeq,prefer-const,require-yield,no-global-assign,no-caller,no-process-env,complexity,max-nested-callbacks,handle-callback-err,getter-return,no-async-promise-executor,no-case-declarations,no-compare-neg-zero,no-cond-assign,no-const-assign,no-constant-condition,no-control-regex,no-delete-var,no-dupe-args,no-dupe-class-members,no-dupe-else-if,no-dupe-keys,no-duplicate-case,no-empty,no-empty-character-class,no-empty-pattern,no-ex-assign,no-extra-boolean-cast,no-extra-semi,no-fallthrough,no-func-assign,no-import-assign,no-inner-declarations,no-invalid-regexp,no-irregular-whitespace,no-loss-of-precision,no-misleading-character-class,no-mixed-spaces-and-tabs,no-nonoctal-decimal-escape,no-obj-calls,no-octal,no-prototype-builtins,no-regex-spaces,no-sparse-arrays,no-unexpected-multiline,no-unsafe-negation,no-unused-labels,no-useless-backreference,no-useless-escape,no-with,use-isnan,no-unpkg-cdn,no-proxy-requests,no-unhandled-promise,no-logging-rejections,no-non-client-request-model,no-deprecated-apis,no-dependency-mismatch,no-empty-function[0m
2025-03-03 18:07:17.088 +0900 [debug] ([34mvalidate.js[0m) [31mrunning validator manifest[0m
2025-03-03 18:07:17.088 +0900 [debug] ([34mvalidate.js[0m) [31mrunning validator manifest-dependency[0m
2025-03-03 18:07:17.088 +0900 [debug] ([34mvalidate.js[0m) [31mrunning validator oauth[0m
2025-03-03 18:07:17.088 +0900 [debug] ([34mvalidate.js[0m) [31mskipping validator pkgsize[0m
2025-03-03 18:07:17.088 +0900 [debug] ([34mvalidate.js[0m) [31mskipping validator schema[0m
2025-03-03 18:07:17.088 +0900 [debug] ([34mvalidate.js[0m) [31mrunning validator version-check[0m
2025-03-03 18:07:17.088 +0900 [debug] ([34mvalidate.js[0m) [31mrunning validator app-settings[0m
2025-03-03 18:07:17.089 +0900 [debug] ([34mevent.js[0m) [31mFound ["checkCallModule","onCallUpdateHandler","onCallCreateHandler"] as exported functions.[0m
2025-03-03 18:07:17.091 +0900 [error] Validation failed due to the following issue(s):
2025-03-03 18:07:17.091 +0900 [error] [31m✖[39m At least one of the supported modules should be present in manifest.json to use full_page_app in common module
2025-03-03 18:07:17.091 +0900 [error] 
2025-03-03 18:07:17.091 +0900 [warn] Please ensure that the following are addressed for quick review process:
2025-03-03 18:07:17.091 +0900 [warn] [33m⚠[39m app/scripts/app.js::7: 'client' declared and assigned in different scopes. Possible asynchronous race condition.
2025-03-03 18:07:17.091 +0900 [warn] 
2025-03-03 18:07:17.091 +0900 [info] ================================================================
2025-03-03 18:07:17.091 +0900 [info] |                      Validation Summary                      |
2025-03-03 18:07:17.091 +0900 [info] ================================================================
2025-03-03 18:07:17.091 +0900 [info] | [1;31mTotal Errors   : 1[0m                                           |
2025-03-03 18:07:17.091 +0900 [info] | [1;33mTotal Warnings : 1[0m                                           |
2025-03-03 18:07:17.091 +0900 [info] ================================================================

2025-03-03 18:07:17.091 +0900 [info] [32m✔[39m Validation Successful
2025-03-03 18:07:17.095 +0900 [debug] ([34mreport.js[0m) [31mGenerating hash for report.json file[0m
2025-03-03 18:08:28.392 +0900 [debug] ([34mconfigs.js[0m) [31mloaded default configs as "{"updates":{"manifest_url":"https://cdn.freshdev.io/assets/fdk/updates.json","period":24},"log":{"level":"info"},"javascript":{"ecma_version":2020},"request":{"timeout":15000},"global_apps":{"enabled":false},"easel":{"enabled":false}}"[0m
2025-03-03 18:08:28.393 +0900 [debug] ([34mconfigs.js[0m) [31mloaded global configs as "{"request":{"timeout":15000}}"[0m
2025-03-03 18:08:28.393 +0900 [debug] ([34mconfigs.js[0m) [31mloaded local configs as "{"request":{"timeout":15000},"global_apps":{"enabled":"true"}}"[0m
2025-03-03 18:08:28.393 +0900 [debug] ([34mconfigs.js[0m) [31mloaded env configs as "{"updates":{},"log":{},"javascript":{},"request":{"timeout":15000}}"[0m
2025-03-03 18:08:28.394 +0900 [debug] ([34mconfigs.js[0m) [31mloaded resolved configs as "{"updates":{"manifest_url":"https://cdn.freshdev.io/assets/fdk/updates.json","period":24},"log":{"level":"info"},"javascript":{"ecma_version":2020},"request":{"timeout":15000},"global_apps":{"enabled":"true"},"easel":{"enabled":false}}"[0m
2025-03-03 18:08:28.394 +0900 [debug] ([34mlogger.js[0m) [31mStarting FDK in node v18.18.2 on darwin[0m
2025-03-03 18:08:28.394 +0900 [debug] ([34msequelize.js[0m) [31msetting up sqilite at "/Users/alan/Documents/Git Hub/fullpageapp/.fdk/store.sqlite"[0m
2025-03-03 18:08:28.394 +0900 [debug] ([34mdata.js[0m) [31mRead {"version_details":{"cli":{"deprecated":{"version":"<9","message":"This FDK version has been deprecated. There will be no further feature updates to this version. For a seamless app-building experience, ensure to move to the latest FDK version. For more information, see https://developers.freshworks.com/docs/app-sdk/v2.3/freshdesk/migration-guide/#migrate-to-the-latest-platform-version."},"forced":{"version":"7.0.0","command":"npm install https://dl.freshdev.io/cli/fdk-7.0.0.tgz -g","message":"Your FDK version has been forced updated to v7.0.0, please visit https://community.developers.freshworks.com/t/fdk-v7-0-announcing-node-js-v12-and-es6-support/3606 to know more"},"latest":{"version":"9.3.1","command":"npm install https://cdn.freshdev.io/fdk/latest.tgz -g","message":"You are on the latest FDK version. For information on the features available as part of this FDK version, see https://developers.freshworks.com/docs/?tab=modules."}},"addon":{"version":"2.0.8","url":"https://cdn.freshdev.io/assets/fdk/addons/addon.zip"}},"last_updated":{"time_stamp":1740963110736}}[0m
2025-03-03 18:08:28.394 +0900 [debug] ([34mupdater.js[0m) [31mlast check less than 24 hours ago, not looking for updates[0m
2025-03-03 18:08:28.396 +0900 [debug] ([34mindex.js[0m) [31mrunning with opts {}[0m
2025-03-03 18:08:28.405 +0900 [debug] ([34mdata.js[0m) [31mRead {"version_details":{"cli":{"deprecated":{"version":"<9","message":"This FDK version has been deprecated. There will be no further feature updates to this version. For a seamless app-building experience, ensure to move to the latest FDK version. For more information, see https://developers.freshworks.com/docs/app-sdk/v2.3/freshdesk/migration-guide/#migrate-to-the-latest-platform-version."},"forced":{"version":"7.0.0","command":"npm install https://dl.freshdev.io/cli/fdk-7.0.0.tgz -g","message":"Your FDK version has been forced updated to v7.0.0, please visit https://community.developers.freshworks.com/t/fdk-v7-0-announcing-node-js-v12-and-es6-support/3606 to know more"},"latest":{"version":"9.3.1","command":"npm install https://cdn.freshdev.io/fdk/latest.tgz -g","message":"You are on the latest FDK version. For information on the features available as part of this FDK version, see https://developers.freshworks.com/docs/?tab=modules."}},"addon":{"version":"2.0.8","url":"https://cdn.freshdev.io/assets/fdk/addons/addon.zip"}},"last_updated":{"time_stamp":1740963110736}}[0m
2025-03-03 18:08:28.407 +0900 [debug] ([34mmanifest.js[0m) [31mReloading manifest with {"modules":{"call":{"events":{"onCallUpdate":{"handler":"onCallUpdateHandler"},"onCallCreate":{"handler":"onCallCreateHandler"}}},"support_ticket":{"events":[]},"common":{"location":{"full_page_app":{"url":"index.html","icon":"styles/images/icon.svg"}},"events":{},"functions":{},"requests":{}}},"platform-version":"3.0","engines":{"node":"18.18.2","fdk":"9.3.1"},"app":{"tracking_id":"uicv69j2qf4v0jki008u","start_time":"2025-03-03T09:04:35.607Z"}}.[0m
2025-03-03 18:08:28.407 +0900 [debug] ([34mmanifest.js[0m) [31mInferred db,backend as features.[0m
2025-03-03 18:08:28.407 +0900 [debug] ([34mdata.js[0m) [31mRead {"version_details":{"cli":{"deprecated":{"version":"<9","message":"This FDK version has been deprecated. There will be no further feature updates to this version. For a seamless app-building experience, ensure to move to the latest FDK version. For more information, see https://developers.freshworks.com/docs/app-sdk/v2.3/freshdesk/migration-guide/#migrate-to-the-latest-platform-version."},"forced":{"version":"7.0.0","command":"npm install https://dl.freshdev.io/cli/fdk-7.0.0.tgz -g","message":"Your FDK version has been forced updated to v7.0.0, please visit https://community.developers.freshworks.com/t/fdk-v7-0-announcing-node-js-v12-and-es6-support/3606 to know more"},"latest":{"version":"9.3.1","command":"npm install https://cdn.freshdev.io/fdk/latest.tgz -g","message":"You are on the latest FDK version. For information on the features available as part of this FDK version, see https://developers.freshworks.com/docs/?tab=modules."}},"addon":{"version":"2.0.8","url":"https://cdn.freshdev.io/assets/fdk/addons/addon.zip"}},"last_updated":{"time_stamp":1740963110736}}[0m
2025-03-03 18:08:29.210 +0900 [debug] ([34mvalidate.js[0m) [31masked to skip the following validations, [0m
2025-03-03 18:08:29.210 +0900 [debug] ([34mvalidate.js[0m) [31mrunning validator actions[0m
2025-03-03 18:08:29.210 +0900 [debug] ([34mvalidate.js[0m) [31mrunning validator requests[0m
2025-03-03 18:08:29.210 +0900 [debug] ([34mvalidate.js[0m) [31mrunning validator app-dir[0m
2025-03-03 18:08:29.210 +0900 [debug] ([34mvalidate.js[0m) [31mrunning validator config-dir[0m
2025-03-03 18:08:29.210 +0900 [debug] ([34mconfig-dir.js[0m) [31mChecking to see if /Users/alan/Documents/Git Hub/fullpageapp/config/ exists.[0m
2025-03-03 18:08:29.210 +0900 [debug] ([34mconfig-dir.js[0m) [31mFetched the following config files iparams.json,requests.json[0m
2025-03-03 18:08:29.210 +0900 [debug] ([34mvalidate.js[0m) [31mrunning validator custom-objects[0m
2025-03-03 18:08:29.211 +0900 [debug] ([34mvalidate.js[0m) [31mrunning validator event[0m
2025-03-03 18:08:29.215 +0900 [debug] ([34mevent.js[0m) [31mFound ["checkCallModule","onCallUpdateHandler","onCallCreateHandler"] as exported functions.[0m
2025-03-03 18:08:29.215 +0900 [debug] ([34mvalidate.js[0m) [31mrunning validator iparam[0m
2025-03-03 18:08:29.216 +0900 [debug] ([34mvalidate.js[0m) [31mrunning validator lint[0m
2025-03-03 18:08:29.216 +0900 [debug] ([34mlint.js[0m) [31mpassed fix flag: undefined[0m
2025-03-03 18:08:29.217 +0900 [debug] ([34mlint.js[0m) [31mRunning the following lints on the file app/scripts/app.js : no-eval,no-alert,no-debugger,no-unreachable,no-duplicate-imports,constructor-super,for-direction,no-class-assign,no-new-native-nonconstructor,valid-typeof,no-eq-null,no-var,require-await,no-unreachable-loop,no-redeclare,no-self-assign,no-setter-return,no-shadow-restricted-names,no-this-before-super,no-unsafe-finally,no-unsafe-optional-chaining,no-unused-vars,no-useless-catch,eqeqeq,prefer-const,require-yield,no-global-assign,no-caller,no-process-env,complexity,max-nested-callbacks,handle-callback-err,getter-return,no-async-promise-executor,no-case-declarations,no-compare-neg-zero,no-cond-assign,no-const-assign,no-constant-condition,no-control-regex,no-delete-var,no-dupe-args,no-dupe-class-members,no-dupe-else-if,no-dupe-keys,no-duplicate-case,no-empty,no-empty-character-class,no-empty-pattern,no-ex-assign,no-extra-boolean-cast,no-extra-semi,no-fallthrough,no-func-assign,no-import-assign,no-inner-declarations,no-invalid-regexp,no-irregular-whitespace,no-loss-of-precision,no-misleading-character-class,no-mixed-spaces-and-tabs,no-nonoctal-decimal-escape,no-obj-calls,no-octal,no-prototype-builtins,no-regex-spaces,no-sparse-arrays,no-unexpected-multiline,no-unsafe-negation,no-unused-labels,no-useless-backreference,no-useless-escape,no-with,use-isnan,no-unpkg-cdn,no-proxy-requests,no-unhandled-promise,no-logging-rejections,no-non-client-request-model,no-deprecated-apis,no-cross-scope-assign,no-empty-function[0m
2025-03-03 18:08:29.256 +0900 [debug] ([34mlint.js[0m) [31mRunning the following lints on the file server/server.js : no-eval,no-alert,no-debugger,no-unreachable,no-duplicate-imports,constructor-super,for-direction,no-class-assign,no-new-native-nonconstructor,valid-typeof,no-eq-null,no-var,require-await,no-unreachable-loop,no-redeclare,no-self-assign,no-setter-return,no-shadow-restricted-names,no-this-before-super,no-unsafe-finally,no-unsafe-optional-chaining,no-unused-vars,no-useless-catch,eqeqeq,prefer-const,require-yield,no-global-assign,no-caller,no-process-env,complexity,max-nested-callbacks,handle-callback-err,getter-return,no-async-promise-executor,no-case-declarations,no-compare-neg-zero,no-cond-assign,no-const-assign,no-constant-condition,no-control-regex,no-delete-var,no-dupe-args,no-dupe-class-members,no-dupe-else-if,no-dupe-keys,no-duplicate-case,no-empty,no-empty-character-class,no-empty-pattern,no-ex-assign,no-extra-boolean-cast,no-extra-semi,no-fallthrough,no-func-assign,no-import-assign,no-inner-declarations,no-invalid-regexp,no-irregular-whitespace,no-loss-of-precision,no-misleading-character-class,no-mixed-spaces-and-tabs,no-nonoctal-decimal-escape,no-obj-calls,no-octal,no-prototype-builtins,no-regex-spaces,no-sparse-arrays,no-unexpected-multiline,no-unsafe-negation,no-unused-labels,no-useless-backreference,no-useless-escape,no-with,use-isnan,no-unpkg-cdn,no-proxy-requests,no-unhandled-promise,no-logging-rejections,no-non-client-request-model,no-deprecated-apis,no-dependency-mismatch,no-empty-function[0m
2025-03-03 18:08:29.265 +0900 [debug] ([34mvalidate.js[0m) [31mrunning validator manifest[0m
2025-03-03 18:08:29.265 +0900 [debug] ([34mvalidate.js[0m) [31mrunning validator manifest-dependency[0m
2025-03-03 18:08:29.266 +0900 [debug] ([34mvalidate.js[0m) [31mrunning validator oauth[0m
2025-03-03 18:08:29.266 +0900 [debug] ([34mvalidate.js[0m) [31mskipping validator pkgsize[0m
2025-03-03 18:08:29.266 +0900 [debug] ([34mvalidate.js[0m) [31mskipping validator schema[0m
2025-03-03 18:08:29.266 +0900 [debug] ([34mvalidate.js[0m) [31mrunning validator version-check[0m
2025-03-03 18:08:29.266 +0900 [debug] ([34mvalidate.js[0m) [31mrunning validator app-settings[0m
2025-03-03 18:08:29.266 +0900 [debug] ([34mevent.js[0m) [31mFound ["checkCallModule","onCallUpdateHandler","onCallCreateHandler"] as exported functions.[0m
2025-03-03 18:08:29.268 +0900 [warn] Please ensure that the following are addressed for quick review process:
2025-03-03 18:08:29.269 +0900 [warn] [33m⚠[39m app/scripts/app.js::7: 'client' declared and assigned in different scopes. Possible asynchronous race condition.
2025-03-03 18:08:29.269 +0900 [warn] 
2025-03-03 18:08:29.269 +0900 [info] ================================================================
2025-03-03 18:08:29.269 +0900 [info] |                      Validation Summary                      |
2025-03-03 18:08:29.269 +0900 [info] ================================================================
2025-03-03 18:08:29.269 +0900 [info] | [1;31mTotal Errors   : 0[0m                                           |
2025-03-03 18:08:29.269 +0900 [info] | [1;33mTotal Warnings : 1[0m                                           |
2025-03-03 18:08:29.269 +0900 [info] ================================================================

2025-03-03 18:08:29.269 +0900 [info] [32m✔[39m Validation Successful
2025-03-03 18:08:29.271 +0900 [debug] ([34mreport.js[0m) [31mGenerating hash for report.json file[0m
2025-03-03 18:08:40.805 +0900 [debug] ([34mconfigs.js[0m) [31mloaded default configs as "{"updates":{"manifest_url":"https://cdn.freshdev.io/assets/fdk/updates.json","period":24},"log":{"level":"info"},"javascript":{"ecma_version":2020},"request":{"timeout":15000},"global_apps":{"enabled":false},"easel":{"enabled":false}}"[0m
2025-03-03 18:08:40.806 +0900 [debug] ([34mconfigs.js[0m) [31mloaded global configs as "{"request":{"timeout":15000}}"[0m
2025-03-03 18:08:40.806 +0900 [debug] ([34mconfigs.js[0m) [31mloaded local configs as "{"request":{"timeout":15000},"global_apps":{"enabled":"true"}}"[0m
2025-03-03 18:08:40.806 +0900 [debug] ([34mconfigs.js[0m) [31mloaded env configs as "{"updates":{},"log":{},"javascript":{},"request":{"timeout":15000}}"[0m
2025-03-03 18:08:40.806 +0900 [debug] ([34mconfigs.js[0m) [31mloaded resolved configs as "{"updates":{"manifest_url":"https://cdn.freshdev.io/assets/fdk/updates.json","period":24},"log":{"level":"info"},"javascript":{"ecma_version":2020},"request":{"timeout":15000},"global_apps":{"enabled":"true"},"easel":{"enabled":false}}"[0m
2025-03-03 18:08:40.807 +0900 [debug] ([34mlogger.js[0m) [31mStarting FDK in node v18.18.2 on darwin[0m
2025-03-03 18:08:40.807 +0900 [debug] ([34msequelize.js[0m) [31msetting up sqilite at "/Users/alan/Documents/Git Hub/fullpageapp/.fdk/store.sqlite"[0m
2025-03-03 18:08:40.807 +0900 [debug] ([34mdata.js[0m) [31mRead {"version_details":{"cli":{"deprecated":{"version":"<9","message":"This FDK version has been deprecated. There will be no further feature updates to this version. For a seamless app-building experience, ensure to move to the latest FDK version. For more information, see https://developers.freshworks.com/docs/app-sdk/v2.3/freshdesk/migration-guide/#migrate-to-the-latest-platform-version."},"forced":{"version":"7.0.0","command":"npm install https://dl.freshdev.io/cli/fdk-7.0.0.tgz -g","message":"Your FDK version has been forced updated to v7.0.0, please visit https://community.developers.freshworks.com/t/fdk-v7-0-announcing-node-js-v12-and-es6-support/3606 to know more"},"latest":{"version":"9.3.1","command":"npm install https://cdn.freshdev.io/fdk/latest.tgz -g","message":"You are on the latest FDK version. For information on the features available as part of this FDK version, see https://developers.freshworks.com/docs/?tab=modules."}},"addon":{"version":"2.0.8","url":"https://cdn.freshdev.io/assets/fdk/addons/addon.zip"}},"last_updated":{"time_stamp":1740963110736}}[0m
2025-03-03 18:08:40.807 +0900 [debug] ([34mupdater.js[0m) [31mlast check less than 24 hours ago, not looking for updates[0m
2025-03-03 18:08:40.809 +0900 [debug] ([34mindex.js[0m) [31mrunning with opts {}[0m
2025-03-03 18:08:40.863 +0900 [debug] ([34mdata.js[0m) [31mRead {"version_details":{"cli":{"deprecated":{"version":"<9","message":"This FDK version has been deprecated. There will be no further feature updates to this version. For a seamless app-building experience, ensure to move to the latest FDK version. For more information, see https://developers.freshworks.com/docs/app-sdk/v2.3/freshdesk/migration-guide/#migrate-to-the-latest-platform-version."},"forced":{"version":"7.0.0","command":"npm install https://dl.freshdev.io/cli/fdk-7.0.0.tgz -g","message":"Your FDK version has been forced updated to v7.0.0, please visit https://community.developers.freshworks.com/t/fdk-v7-0-announcing-node-js-v12-and-es6-support/3606 to know more"},"latest":{"version":"9.3.1","command":"npm install https://cdn.freshdev.io/fdk/latest.tgz -g","message":"You are on the latest FDK version. For information on the features available as part of this FDK version, see https://developers.freshworks.com/docs/?tab=modules."}},"addon":{"version":"2.0.8","url":"https://cdn.freshdev.io/assets/fdk/addons/addon.zip"}},"last_updated":{"time_stamp":1740963110736}}[0m
2025-03-03 18:08:40.865 +0900 [debug] ([34mmanifest.js[0m) [31mReloading manifest with {"modules":{"call":{"events":{"onCallUpdate":{"handler":"onCallUpdateHandler"},"onCallCreate":{"handler":"onCallCreateHandler"}}},"support_ticket":{"events":[]},"common":{"location":{"full_page_app":{"url":"index.html","icon":"styles/images/icon.svg"}},"events":{},"functions":{},"requests":{}}},"platform-version":"3.0","engines":{"node":"18.18.2","fdk":"9.3.1"},"app":{"tracking_id":"uicv69j2qf4v0jki008u","start_time":"2025-03-03T09:04:35.607Z"}}.[0m
2025-03-03 18:08:40.865 +0900 [debug] ([34mmanifest.js[0m) [31mInferred db,backend as features.[0m
2025-03-03 18:08:40.865 +0900 [debug] ([34mdata.js[0m) [31mRead {"version_details":{"cli":{"deprecated":{"version":"<9","message":"This FDK version has been deprecated. There will be no further feature updates to this version. For a seamless app-building experience, ensure to move to the latest FDK version. For more information, see https://developers.freshworks.com/docs/app-sdk/v2.3/freshdesk/migration-guide/#migrate-to-the-latest-platform-version."},"forced":{"version":"7.0.0","command":"npm install https://dl.freshdev.io/cli/fdk-7.0.0.tgz -g","message":"Your FDK version has been forced updated to v7.0.0, please visit https://community.developers.freshworks.com/t/fdk-v7-0-announcing-node-js-v12-and-es6-support/3606 to know more"},"latest":{"version":"9.3.1","command":"npm install https://cdn.freshdev.io/fdk/latest.tgz -g","message":"You are on the latest FDK version. For information on the features available as part of this FDK version, see https://developers.freshworks.com/docs/?tab=modules."}},"addon":{"version":"2.0.8","url":"https://cdn.freshdev.io/assets/fdk/addons/addon.zip"}},"last_updated":{"time_stamp":1740963110736}}[0m
2025-03-03 18:08:41.612 +0900 [debug] ([34mpack.js[0m) [31m'pack' called with {"1":true}[0m
2025-03-03 18:08:41.612 +0900 [debug] ([34mvalidate.js[0m) [31masked to skip the following validations, [0m
2025-03-03 18:08:41.612 +0900 [debug] ([34mvalidate.js[0m) [31mrunning validator actions[0m
2025-03-03 18:08:41.613 +0900 [debug] ([34mvalidate.js[0m) [31mrunning validator requests[0m
2025-03-03 18:08:41.613 +0900 [debug] ([34mvalidate.js[0m) [31mrunning validator app-dir[0m
2025-03-03 18:08:41.613 +0900 [debug] ([34mvalidate.js[0m) [31mrunning validator config-dir[0m
2025-03-03 18:08:41.613 +0900 [debug] ([34mconfig-dir.js[0m) [31mChecking to see if /Users/alan/Documents/Git Hub/fullpageapp/config/ exists.[0m
2025-03-03 18:08:41.613 +0900 [debug] ([34mconfig-dir.js[0m) [31mFetched the following config files iparams.json,requests.json[0m
2025-03-03 18:08:41.613 +0900 [debug] ([34mvalidate.js[0m) [31mrunning validator custom-objects[0m
2025-03-03 18:08:41.613 +0900 [debug] ([34mvalidate.js[0m) [31mrunning validator event[0m
2025-03-03 18:08:41.617 +0900 [debug] ([34mevent.js[0m) [31mFound ["checkCallModule","onCallUpdateHandler","onCallCreateHandler"] as exported functions.[0m
2025-03-03 18:08:41.618 +0900 [debug] ([34mvalidate.js[0m) [31mrunning validator iparam[0m
2025-03-03 18:08:41.619 +0900 [debug] ([34mvalidate.js[0m) [31mrunning validator lint[0m
2025-03-03 18:08:41.619 +0900 [debug] ([34mlint.js[0m) [31mpassed fix flag: undefined[0m
2025-03-03 18:08:41.619 +0900 [debug] ([34mlint.js[0m) [31mRunning the following lints on the file app/scripts/app.js : no-eval,no-alert,no-debugger,no-unreachable,no-duplicate-imports,constructor-super,for-direction,no-class-assign,no-new-native-nonconstructor,valid-typeof,no-eq-null,no-var,require-await,no-unreachable-loop,no-redeclare,no-self-assign,no-setter-return,no-shadow-restricted-names,no-this-before-super,no-unsafe-finally,no-unsafe-optional-chaining,no-unused-vars,no-useless-catch,eqeqeq,prefer-const,require-yield,no-global-assign,no-caller,no-process-env,complexity,max-nested-callbacks,handle-callback-err,getter-return,no-async-promise-executor,no-case-declarations,no-compare-neg-zero,no-cond-assign,no-const-assign,no-constant-condition,no-control-regex,no-delete-var,no-dupe-args,no-dupe-class-members,no-dupe-else-if,no-dupe-keys,no-duplicate-case,no-empty,no-empty-character-class,no-empty-pattern,no-ex-assign,no-extra-boolean-cast,no-extra-semi,no-fallthrough,no-func-assign,no-import-assign,no-inner-declarations,no-invalid-regexp,no-irregular-whitespace,no-loss-of-precision,no-misleading-character-class,no-mixed-spaces-and-tabs,no-nonoctal-decimal-escape,no-obj-calls,no-octal,no-prototype-builtins,no-regex-spaces,no-sparse-arrays,no-unexpected-multiline,no-unsafe-negation,no-unused-labels,no-useless-backreference,no-useless-escape,no-with,use-isnan,no-unpkg-cdn,no-proxy-requests,no-unhandled-promise,no-logging-rejections,no-non-client-request-model,no-deprecated-apis,no-cross-scope-assign,no-empty-function[0m
2025-03-03 18:08:41.659 +0900 [debug] ([34mlint.js[0m) [31mRunning the following lints on the file server/server.js : no-eval,no-alert,no-debugger,no-unreachable,no-duplicate-imports,constructor-super,for-direction,no-class-assign,no-new-native-nonconstructor,valid-typeof,no-eq-null,no-var,require-await,no-unreachable-loop,no-redeclare,no-self-assign,no-setter-return,no-shadow-restricted-names,no-this-before-super,no-unsafe-finally,no-unsafe-optional-chaining,no-unused-vars,no-useless-catch,eqeqeq,prefer-const,require-yield,no-global-assign,no-caller,no-process-env,complexity,max-nested-callbacks,handle-callback-err,getter-return,no-async-promise-executor,no-case-declarations,no-compare-neg-zero,no-cond-assign,no-const-assign,no-constant-condition,no-control-regex,no-delete-var,no-dupe-args,no-dupe-class-members,no-dupe-else-if,no-dupe-keys,no-duplicate-case,no-empty,no-empty-character-class,no-empty-pattern,no-ex-assign,no-extra-boolean-cast,no-extra-semi,no-fallthrough,no-func-assign,no-import-assign,no-inner-declarations,no-invalid-regexp,no-irregular-whitespace,no-loss-of-precision,no-misleading-character-class,no-mixed-spaces-and-tabs,no-nonoctal-decimal-escape,no-obj-calls,no-octal,no-prototype-builtins,no-regex-spaces,no-sparse-arrays,no-unexpected-multiline,no-unsafe-negation,no-unused-labels,no-useless-backreference,no-useless-escape,no-with,use-isnan,no-unpkg-cdn,no-proxy-requests,no-unhandled-promise,no-logging-rejections,no-non-client-request-model,no-deprecated-apis,no-dependency-mismatch,no-empty-function[0m
2025-03-03 18:08:41.667 +0900 [debug] ([34mvalidate.js[0m) [31mrunning validator manifest[0m
2025-03-03 18:08:41.667 +0900 [debug] ([34mvalidate.js[0m) [31mrunning validator manifest-dependency[0m
2025-03-03 18:08:41.667 +0900 [debug] ([34mvalidate.js[0m) [31mrunning validator oauth[0m
2025-03-03 18:08:41.667 +0900 [debug] ([34mvalidate.js[0m) [31mskipping validator pkgsize[0m
2025-03-03 18:08:41.667 +0900 [debug] ([34mvalidate.js[0m) [31mskipping validator schema[0m
2025-03-03 18:08:41.667 +0900 [debug] ([34mvalidate.js[0m) [31mrunning validator version-check[0m
2025-03-03 18:08:41.667 +0900 [debug] ([34mvalidate.js[0m) [31mrunning validator app-settings[0m
2025-03-03 18:08:41.668 +0900 [debug] ([34mevent.js[0m) [31mFound ["checkCallModule","onCallUpdateHandler","onCallCreateHandler"] as exported functions.[0m
2025-03-03 18:08:41.670 +0900 [warn] Please ensure that the following are addressed for quick review process:
2025-03-03 18:08:41.670 +0900 [warn] [33m⚠[39m app/scripts/app.js::7: 'client' declared and assigned in different scopes. Possible asynchronous race condition.
2025-03-03 18:08:41.670 +0900 [warn] 
2025-03-03 18:08:41.670 +0900 [info] App being packed in Node v18.18.2 using FDK 9.3.1
2025-03-03 18:08:41.671 +0900 [debug] ([34mreport.js[0m) [31mGenerating hash for report.json file[0m
2025-03-03 18:08:41.671 +0900 [debug] ([34mdata.js[0m) [31mRead {"report_hash":"57d4c989088be55e5aff299a4b2ad9c111187dae89d3400ca95eb1ed420540c6"}[0m
2025-03-03 18:08:41.671 +0900 [debug] ([34mreport.js[0m) [31mComparing the stored hash with report.json file hash[0m
2025-03-03 18:08:41.671 +0900 [info] 
Code coverage has been skipped. Skipping code coverage may result in your app being rejected by the Freshworks Marketplace. Ensure at least 80% coverage before final submission.

2025-03-03 18:08:41.674 +0900 [debug] ([34mpack.js[0m) [31mCannot find './visitor-app' directory while packing.[0m
2025-03-03 18:08:41.675 +0900 [debug] ([34mpack.js[0m) [31mCannot find './src' directory while packing.[0m
2025-03-03 18:08:41.676 +0900 [debug] ([34mfile.js[0m) [31mComputing digest for app/index.html,app/scripts/app.js,app/styles/images/icon.svg,manifest.json.[0m
2025-03-03 18:08:41.676 +0900 [debug] ([34mpack.js[0m) [31mPacking ./app/index.html[0m
2025-03-03 18:08:41.678 +0900 [debug] ([34mpack.js[0m) [31mPacking ./app/scripts/app.js[0m
2025-03-03 18:08:41.678 +0900 [debug] ([34mpack.js[0m) [31mPacking ./app/styles/images/icon.svg[0m
2025-03-03 18:08:41.678 +0900 [debug] ([34mpack.js[0m) [31mPacking ./server/server.js[0m
2025-03-03 18:08:41.679 +0900 [debug] ([34mpack.js[0m) [31mPacking ./config/iparams.json[0m
2025-03-03 18:08:41.679 +0900 [debug] ([34mpack.js[0m) [31mPacking ./config/requests.json[0m
2025-03-03 18:08:41.679 +0900 [debug] ([34mpack.js[0m) [31mPacking ./manifest.json[0m
2025-03-03 18:08:41.679 +0900 [debug] ([34mpack.js[0m) [31mPacking ./.report.json[0m
2025-03-03 18:08:41.679 +0900 [debug] ([34mpack.js[0m) [31mPacking ./.meta.json[0m
2025-03-03 18:08:41.679 +0900 [debug] ([34mpack.js[0m) [31mPacking ./digest.md5[0m
2025-03-03 18:08:41.690 +0900 [debug] ([34mvalidate.js[0m) [31masked to skip the following validations, [0m
2025-03-03 18:08:41.691 +0900 [debug] ([34mvalidate.js[0m) [31mskipping validator actions[0m
2025-03-03 18:08:41.691 +0900 [debug] ([34mvalidate.js[0m) [31mskipping validator requests[0m
2025-03-03 18:08:41.691 +0900 [debug] ([34mvalidate.js[0m) [31mskipping validator app-dir[0m
2025-03-03 18:08:41.691 +0900 [debug] ([34mvalidate.js[0m) [31mskipping validator config-dir[0m
2025-03-03 18:08:41.691 +0900 [debug] ([34mvalidate.js[0m) [31mskipping validator custom-objects[0m
2025-03-03 18:08:41.691 +0900 [debug] ([34mvalidate.js[0m) [31mskipping validator event[0m
2025-03-03 18:08:41.691 +0900 [debug] ([34mvalidate.js[0m) [31mskipping validator iparam[0m
2025-03-03 18:08:41.691 +0900 [debug] ([34mvalidate.js[0m) [31mskipping validator lint[0m
2025-03-03 18:08:41.691 +0900 [debug] ([34mvalidate.js[0m) [31mskipping validator manifest[0m
2025-03-03 18:08:41.691 +0900 [debug] ([34mvalidate.js[0m) [31mskipping validator manifest-dependency[0m
2025-03-03 18:08:41.691 +0900 [debug] ([34mvalidate.js[0m) [31mskipping validator oauth[0m
2025-03-03 18:08:41.691 +0900 [debug] ([34mvalidate.js[0m) [31mrunning validator pkgsize[0m
2025-03-03 18:08:41.691 +0900 [debug] ([34mvalidate.js[0m) [31mskipping validator schema[0m
2025-03-03 18:08:41.691 +0900 [debug] ([34mvalidate.js[0m) [31mskipping validator version-check[0m
2025-03-03 18:08:41.691 +0900 [debug] ([34mvalidate.js[0m) [31mskipping validator app-settings[0m
2025-03-03 18:08:41.691 +0900 [info] App packed successfully at /dist/fullpageapp.zip
2025-03-03 18:08:41.691 +0900 [info] Upload this file to the marketplace by following the instructions at https://developers.freshworks.com/docs/app-sdk/v3.0/common/app-submission-process/
2025-03-03 18:08:41.691 +0900 [debug] ([34mfile.js[0m) [31mDeleting digest.[0m
2025-03-03 18:08:41.692 +0900 [debug] ([34mreport.js[0m) [31mGenerating hash for report.json file[0m
